{"contracts/verifier.sol":{"l":{"63":1},"path":"/home/rakesh/projects/ZkpBasedVoting/contracts/verifier.sol","s":{},"b":{},"f":{"1":1},"fnMap":{"1":{"name":"verifyProof","line":62,"loc":{"start":{"line":62,"column":4},"end":{"line":176,"column":5}}}},"statementMap":{},"branchMap":{}},"contracts/votingContract.sol":{"l":{"13":1,"22":1,"23":1,"24":1,"25":1,"26":1,"30":1},"path":"/home/rakesh/projects/ZkpBasedVoting/contracts/votingContract.sol","s":{"1":1,"2":1,"3":1},"b":{"1":[1,0],"2":[1,0]},"f":{"1":1,"2":1,"3":1},"fnMap":{"1":{"name":"constructor","line":12,"loc":{"start":{"line":12,"column":4},"end":{"line":14,"column":4}}},"2":{"name":"castVote","line":16,"loc":{"start":{"line":16,"column":4},"end":{"line":27,"column":4}}},"3":{"name":"getVoteInfo","line":29,"loc":{"start":{"line":29,"column":4},"end":{"line":31,"column":4}}}},"statementMap":{"1":{"start":{"line":22,"column":8},"end":{"line":22,"column":63}},"2":{"start":{"line":24,"column":8},"end":{"line":24,"column":83}},"3":{"start":{"line":30,"column":8},"end":{"line":30,"column":35}}},"branchMap":{"1":{"line":22,"type":"if","locations":[{"start":{"line":22,"column":8},"end":{"line":22,"column":8}},{"start":{"line":22,"column":8},"end":{"line":22,"column":8}}]},"2":{"line":24,"type":"if","locations":[{"start":{"line":24,"column":8},"end":{"line":24,"column":8}},{"start":{"line":24,"column":8},"end":{"line":24,"column":8}}]}}}}